[debug] [2022-11-13T21:47:57.206Z] ----------------------------------------------------------------------
[debug] [2022-11-13T21:47:57.212Z] Command:       C:\Program Files\nodejs\node.exe C:\Users\Jorge\AppData\Roaming\npm\node_modules\firebase-tools\lib\bin\firebase.js deploy
[debug] [2022-11-13T21:47:57.213Z] CLI Version:   8.15.0
[debug] [2022-11-13T21:47:57.213Z] Platform:      win32
[debug] [2022-11-13T21:47:57.213Z] Node Version:  v16.16.0
[debug] [2022-11-13T21:47:57.215Z] Time:          Sun Nov 13 2022 17:47:57 GMT-0400 (hora de Venezuela)
[debug] [2022-11-13T21:47:57.216Z] ----------------------------------------------------------------------
[debug] [2022-11-13T21:47:57.216Z] 
[debug] [2022-11-13T21:47:57.231Z] > command requires scopes: ["email","openid","https://www.googleapis.com/auth/cloudplatformprojects.readonly","https://www.googleapis.com/auth/firebase","https://www.googleapis.com/auth/cloud-platform"]
[debug] [2022-11-13T21:47:57.232Z] > authorizing via signed-in user
[debug] [2022-11-13T21:47:57.233Z] [iam] checking project billies-57f99 for permissions ["firebase.projects.get","firebasehosting.sites.update"]
[debug] [2022-11-13T21:47:57.238Z] > refreshing access token with scopes: ["email","https://www.googleapis.com/auth/cloud-platform","https://www.googleapis.com/auth/cloudplatformprojects.readonly","https://www.googleapis.com/auth/firebase","openid"]
[debug] [2022-11-13T21:47:57.239Z] >>> HTTP REQUEST POST https://www.googleapis.com/oauth2/v3/token  
 <request body omitted>
[debug] [2022-11-13T21:47:57.712Z] <<< HTTP RESPONSE 200 {"expires":"Mon, 01 Jan 1990 00:00:00 GMT","date":"Sun, 13 Nov 2022 21:47:57 GMT","cache-control":"no-cache, no-store, max-age=0, must-revalidate","pragma":"no-cache","content-type":"application/json; charset=utf-8","vary":"X-Origin, Referer, Origin,Accept-Encoding","server":"scaffolding on HTTPServer2","x-xss-protection":"0","x-frame-options":"SAMEORIGIN","x-content-type-options":"nosniff","alt-svc":"h3=\":443\"; ma=2592000,h3-29=\":443\"; ma=2592000,h3-Q050=\":443\"; ma=2592000,h3-Q046=\":443\"; ma=2592000,h3-Q043=\":443\"; ma=2592000,quic=\":443\"; ma=2592000; v=\"46,43\"","accept-ranges":"none","transfer-encoding":"chunked"}
[debug] [2022-11-13T21:47:57.720Z] >>> HTTP REQUEST POST https://cloudresourcemanager.googleapis.com/v1/projects/billies-57f99:testIamPermissions  
 {"permissions":["firebase.projects.get","firebasehosting.sites.update"]}
[debug] [2022-11-13T21:47:59.424Z] <<< HTTP RESPONSE 200 {"content-type":"application/json; charset=UTF-8","vary":"X-Origin, Referer, Origin,Accept-Encoding","date":"Sun, 13 Nov 2022 21:47:59 GMT","server":"ESF","cache-control":"private","x-xss-protection":"0","x-frame-options":"SAMEORIGIN","x-content-type-options":"nosniff","server-timing":"gfet4t7; dur=113","alt-svc":"h3=\":443\"; ma=2592000,h3-29=\":443\"; ma=2592000,h3-Q050=\":443\"; ma=2592000,h3-Q046=\":443\"; ma=2592000,h3-Q043=\":443\"; ma=2592000,quic=\":443\"; ma=2592000; v=\"46,43\"","accept-ranges":"none","transfer-encoding":"chunked"}
[debug] [2022-11-13T21:47:59.432Z] >>> HTTP REQUEST GET https://firebase.googleapis.com/v1beta1/projects/billies-57f99  
 
[debug] [2022-11-13T21:48:00.075Z] <<< HTTP RESPONSE 200 {"content-type":"application/json; charset=UTF-8","vary":"X-Origin, Referer, Origin,Accept-Encoding","date":"Sun, 13 Nov 2022 21:48:00 GMT","server":"ESF","cache-control":"private","x-xss-protection":"0","x-frame-options":"SAMEORIGIN","x-content-type-options":"nosniff","alt-svc":"h3=\":443\"; ma=2592000,h3-29=\":443\"; ma=2592000,h3-Q050=\":443\"; ma=2592000,h3-Q046=\":443\"; ma=2592000,h3-Q043=\":443\"; ma=2592000,quic=\":443\"; ma=2592000; v=\"46,43\"","accept-ranges":"none","transfer-encoding":"chunked"}
[info] 
[info] === Deploying to 'billies-57f99'...
[info] 
[info] i  deploying hosting 
[debug] [2022-11-13T21:48:00.089Z] >>> HTTP REQUEST POST https://firebasehosting.googleapis.com/v1beta1/sites/billies-57f99/versions  
 {"config":{"rewrites":[{"glob":"**","path":"/index.html"}]},"labels":{"deployment-tool":"cli-firebase"}}
